<?xml version="1.0" encoding="UTF-8"?>
<!-- Generated by org.testng.reporters.JUnitReportReporter -->
<testsuite hostname="DESKTOP-KC4HO8O" name="jSonPlaceHoldersAPI.CreateAResource" tests="1" failures="0" timestamp="1 Dec 2019 06:24:39 GMT" time="3.879" errors="0">
  <testcase name="addAPost2" time="3.879" classname="jSonPlaceHoldersAPI.CreateAResource"/>
</testsuite> <!-- jSonPlaceHoldersAPI.CreateAResource -->
