<?xml version="1.0" encoding="UTF-8"?>
<!-- Generated by org.testng.reporters.JUnitReportReporter -->
<testsuite hostname="DESKTOP-KC4HO8O" name="pkg.GooglePlacesAPI2" tests="1" failures="0" timestamp="5 Oct 2019 08:28:50 GMT" time="5.244" errors="0">
  <testcase name="verifyUdemyAPIForPOST" time="5.244" classname="pkg.GooglePlacesAPI2"/>
</testsuite> <!-- pkg.GooglePlacesAPI2 -->
