<?xml version="1.0" encoding="UTF-8"?>
<!-- Generated by org.testng.reporters.JUnitReportReporter -->
<testsuite hostname="DESKTOP-KC4HO8O" name="placesAPI.NearByPlaceSearch" tests="1" failures="0" timestamp="30 Nov 2019 19:43:16 GMT" time="3.807" errors="0">
  <testcase name="FindNearByPlaceTest" time="3.807" classname="placesAPI.NearByPlaceSearch"/>
</testsuite> <!-- placesAPI.NearByPlaceSearch -->
