<?xml version="1.0" encoding="UTF-8"?>
<!-- Generated by org.testng.reporters.JUnitReportReporter -->
<testsuite hostname="DESKTOP-KC4HO8O" name="libraryAPI.AddBookAPI" tests="1" failures="0" timestamp="1 Dec 2019 05:24:29 GMT" time="2.878" errors="0">
  <testcase name="addBookAPIGeneral1" time="2.878" classname="libraryAPI.AddBookAPI"/>
</testsuite> <!-- libraryAPI.AddBookAPI -->
