<?xml version="1.0" encoding="UTF-8"?>
<!-- Generated by org.testng.reporters.JUnitReportReporter -->
<testsuite hostname="DESKTOP-KC4HO8O" name="placesAPI.FindPlaceLogging" tests="1" failures="0" timestamp="4 Dec 2019 19:11:30 GMT" time="3.503" errors="0">
  <testcase name="FindPlaceTestDuplicate" time="3.503" classname="placesAPI.FindPlaceLogging"/>
</testsuite> <!-- placesAPI.FindPlaceLogging -->
