<?xml version="1.0" encoding="UTF-8"?>
<!-- Generated by org.testng.reporters.JUnitReportReporter -->
<testsuite hostname="DESKTOP-KC4HO8O" name="pkg.GooglePlacesAPI3InXML" tests="1" failures="0" timestamp="8 Oct 2019 19:03:30 GMT" time="3.164" errors="0">
  <testcase name="verifyUdemyAPIForPOSTInXML" time="3.164" classname="pkg.GooglePlacesAPI3InXML"/>
</testsuite> <!-- pkg.GooglePlacesAPI3InXML -->
