<?xml version="1.0" encoding="UTF-8"?>
<!-- Generated by org.testng.reporters.JUnitReportReporter -->
<testsuite hostname="DESKTOP-KC4HO8O" name="libraryAPI.AddBookAPIDataProvider2" tests="3" failures="0" timestamp="10 Oct 2019 17:04:00 GMT" time="4.341" errors="0">
  <testcase name="addBookDataDriven" time="0.323" classname="libraryAPI.AddBookAPIDataProvider2"/>
  <testcase name="addBookDataDriven" time="0.332" classname="libraryAPI.AddBookAPIDataProvider2"/>
  <testcase name="addBookDataDriven" time="3.686" classname="libraryAPI.AddBookAPIDataProvider2"/>
</testsuite> <!-- libraryAPI.AddBookAPIDataProvider2 -->
