<?xml version="1.0" encoding="UTF-8"?>
<!-- Generated by org.testng.reporters.JUnitReportReporter -->
<testsuite hostname="DESKTOP-KC4HO8O" name="pkg.APIGetTest2" tests="1" failures="0" timestamp="29 Sep 2019 17:40:32 GMT" time="4.260" errors="0">
  <testcase name="verifyID" time="4.260" classname="pkg.APIGetTest2"/>
</testsuite> <!-- pkg.APIGetTest2 -->
