<?xml version="1.0" encoding="UTF-8"?>
<!-- Generated by org.testng.reporters.JUnitReportReporter -->
<testsuite hostname="DESKTOP-KC4HO8O" name="pkg.GooglePlacesAPI3InXMLWithResuables" tests="1" failures="0" timestamp="8 Oct 2019 19:13:57 GMT" time="17.291" errors="0">
  <testcase name="verifyUdemyAPIForPOSTInXML" time="17.291" classname="pkg.GooglePlacesAPI3InXMLWithResuables"/>
</testsuite> <!-- pkg.GooglePlacesAPI3InXMLWithResuables -->
