<?xml version="1.0" encoding="UTF-8"?>
<!-- Generated by org.testng.reporters.JUnitReportReporter -->
<testsuite hostname="DESKTOP-KC4HO8O" name="libraryAPI.AddBookAPIDataProvider" tests="3" failures="0" timestamp="9 Oct 2019 19:30:10 GMT" time="2.625" errors="0">
  <testcase name="addBookDataDriven" time="0.153" classname="libraryAPI.AddBookAPIDataProvider"/>
  <testcase name="addBookDataDriven" time="2.314" classname="libraryAPI.AddBookAPIDataProvider"/>
  <testcase name="addBookDataDriven" time="0.158" classname="libraryAPI.AddBookAPIDataProvider"/>
</testsuite> <!-- libraryAPI.AddBookAPIDataProvider -->
