<?xml version="1.0" encoding="UTF-8"?>
<!-- Generated by org.testng.reporters.JUnitReportReporter -->
<testsuite hostname="DESKTOP-KC4HO8O" name="pkg.General1Test" tests="6" failures="0" timestamp="28 Sep 2019 17:54:16 GMT" time="5.353" errors="0">
  <testcase name="verifyStatusLine" time="0.373" classname="pkg.General1Test"/>
  <testcase name="verifyServer" time="0.531" classname="pkg.General1Test"/>
  <testcase name="verifyStatusCode" time="0.545" classname="pkg.General1Test"/>
  <testcase name="verifyStatusLine2" time="0.468" classname="pkg.General1Test"/>
  <testcase name="getStatusCheck" time="2.673" classname="pkg.General1Test"/>
  <testcase name="verifyContentType" time="0.763" classname="pkg.General1Test"/>
</testsuite> <!-- pkg.General1Test -->
