<?xml version="1.0" encoding="UTF-8"?>
<!-- Generated by org.testng.reporters.JUnitReportReporter -->
<testsuite skipped="0" hostname="DESKTOP-KC4HO8O" name="pkg.AppTest" tests="1" failures="0" timestamp="2019-10-21T14:21:22 IST" time="0.000" errors="0">
  <testcase name="shouldAnswerWithTrue" time="0.000" classname="pkg.AppTest"/>
</testsuite> <!-- pkg.AppTest -->
