<?xml version="1.0" encoding="UTF-8"?>
<!-- Generated by org.testng.reporters.JUnitReportReporter -->
<testsuite skipped="0" hostname="DESKTOP-KC4HO8O" name="pkg.General1Test" tests="1" failures="0" timestamp="2019-09-28T18:44:33 IST" time="2.706" errors="0">
  <testcase name="getStatusCheck" time="2.706" classname="pkg.General1Test"/>
</testsuite> <!-- pkg.General1Test -->
